{
  "stats": {
    "suites": 1,
    "tests": 3,
    "passes": 3,
    "pending": 0,
    "failures": 0,
    "start": "2023-04-15T19:01:55.220Z",
    "end": "2023-04-15T19:02:26.568Z",
    "duration": 31348,
    "testsRegistered": 3,
    "passPercent": 100,
    "pendingPercent": 0,
    "other": 0,
    "hasOther": false,
    "skipped": 0,
    "hasSkipped": false
  },
  "results": [
    {
      "uuid": "5ff1d0fc-54eb-4954-b65f-341256a59e4f",
      "title": "",
      "fullFile": "cypress/e2e/Practice_Test/LoginTest.cy.js",
      "file": "cypress/e2e/Practice_Test/LoginTest.cy.js",
      "beforeHooks": [],
      "afterHooks": [],
      "tests": [],
      "suites": [
        {
          "uuid": "ba674bc2-6685-47ad-a0dd-cb52b5613221",
          "title": "Login feature check with valid and Invalid credential",
          "fullFile": "",
          "file": "",
          "beforeHooks": [],
          "afterHooks": [],
          "tests": [
            {
              "title": "Login with Valid userName and Password",
              "fullTitle": "Login feature check with valid and Invalid credential Login with Valid userName and Password",
              "timedOut": null,
              "duration": 12853,
              "state": "passed",
              "speed": "slow",
              "pass": true,
              "fail": false,
              "pending": false,
              "context": null,
              "code": "loginPage.enterUsername('student');\nloginPage.enterPassword('Password123');\nloginPage.clickSubmit();\ncy.get('.post-title').should('have.text', 'Logged In Successfully');",
              "err": {},
              "uuid": "441255c4-d475-4142-b162-198aa3035f61",
              "parentUUID": "ba674bc2-6685-47ad-a0dd-cb52b5613221",
              "isHook": false,
              "skipped": false
            },
            {
              "title": "Login with Valid userName and Invalid password",
              "fullTitle": "Login feature check with valid and Invalid credential Login with Valid userName and Invalid password",
              "timedOut": null,
              "duration": 3051,
              "state": "passed",
              "speed": "fast",
              "pass": true,
              "fail": false,
              "pending": false,
              "context": null,
              "code": "loginPage.enterUsername('student');\nloginPage.enterPassword('Password123_wrong');\nloginPage.clickSubmit();\ncy.get('#error').should('have.text', 'Your password is invalid!');",
              "err": {},
              "uuid": "99c062a3-3d8b-415b-bcca-92adff4a7632",
              "parentUUID": "ba674bc2-6685-47ad-a0dd-cb52b5613221",
              "isHook": false,
              "skipped": false
            },
            {
              "title": "Login with invalid userName and Valid password",
              "fullTitle": "Login feature check with valid and Invalid credential Login with invalid userName and Valid password",
              "timedOut": null,
              "duration": 3544,
              "state": "passed",
              "speed": "fast",
              "pass": true,
              "fail": false,
              "pending": false,
              "context": null,
              "code": "loginPage.enterUsername('student_Wrong');\nloginPage.enterPassword('Password123');\nloginPage.clickSubmit();\ncy.get('#error').should('have.text', 'Your username is invalid!');",
              "err": {},
              "uuid": "4e32832d-d8da-4827-8c4c-33588bd85f0f",
              "parentUUID": "ba674bc2-6685-47ad-a0dd-cb52b5613221",
              "isHook": false,
              "skipped": false
            }
          ],
          "suites": [],
          "passes": [
            "441255c4-d475-4142-b162-198aa3035f61",
            "99c062a3-3d8b-415b-bcca-92adff4a7632",
            "4e32832d-d8da-4827-8c4c-33588bd85f0f"
          ],
          "failures": [],
          "pending": [],
          "skipped": [],
          "duration": 19448,
          "root": false,
          "rootEmpty": false,
          "_timeout": 2000
        }
      ],
      "passes": [],
      "failures": [],
      "pending": [],
      "skipped": [],
      "duration": 0,
      "root": true,
      "rootEmpty": true,
      "_timeout": 2000
    }
  ],
  "meta": {
    "mocha": {
      "version": "7.0.1"
    },
    "mochawesome": {
      "options": {
        "quiet": false,
        "reportFilename": "mochawesome",
        "saveHtml": true,
        "saveJson": true,
        "consoleReporter": "spec",
        "useInlineDiffs": false,
        "code": true
      },
      "version": "7.1.3"
    },
    "marge": {
      "options": {
        "charts": true,
        "reportPageTitle": "custom-title",
        "embeddedScreenshots": true,
        "inlineAssets": true,
        "saveAllAttempts": false,
        "overwrite": false,
        "json": true,
        "html": true
      },
      "version": "6.2.0"
    }
  }
}