{
  "stats": {
    "suites": 0,
    "tests": 1,
    "passes": 1,
    "pending": 0,
    "failures": 0,
    "start": "2023-04-15T19:02:43.223Z",
    "end": "2023-04-15T19:02:55.355Z",
    "duration": 12132,
    "testsRegistered": 1,
    "passPercent": 100,
    "pendingPercent": 0,
    "other": 0,
    "hasOther": false,
    "skipped": 0,
    "hasSkipped": false
  },
  "results": [
    {
      "uuid": "98cf4cfc-687f-406f-8f4f-13e04614f8a6",
      "title": "",
      "fullFile": "cypress/e2e/Sample/DemoQAPage.cy.js",
      "file": "cypress/e2e/Sample/DemoQAPage.cy.js",
      "beforeHooks": [],
      "afterHooks": [],
      "tests": [
        {
          "title": "Demo QA Page Test",
          "fullTitle": "Demo QA Page Test",
          "timedOut": null,
          "duration": 8965,
          "state": "passed",
          "speed": "medium",
          "pass": true,
          "fail": false,
          "pending": false,
          "context": null,
          "code": "cy.visit('https://demoqa.com/');\ncy.contains('Elements').click();\ncy.get(':nth-child(1) > .element-list > .menu-list > #item-0 > .text').click();\ncy.get('#userName').type('Davider Sharma');\ncy.get('#userEmail').type('davinder.sharma@gmail.com');\ncy.get('#currentAddress').type('Bengaluru');\ncy.get('#permanentAddress').type('patna');\ncy.get('#submit').click();",
          "err": {},
          "uuid": "596c3ad2-75bf-4954-b7a9-c53fbd88454c",
          "parentUUID": "98cf4cfc-687f-406f-8f4f-13e04614f8a6",
          "isHook": false,
          "skipped": false
        }
      ],
      "suites": [],
      "passes": [
        "596c3ad2-75bf-4954-b7a9-c53fbd88454c"
      ],
      "failures": [],
      "pending": [],
      "skipped": [],
      "duration": 8965,
      "root": true,
      "rootEmpty": false,
      "_timeout": 2000
    }
  ],
  "meta": {
    "mocha": {
      "version": "7.0.1"
    },
    "mochawesome": {
      "options": {
        "quiet": false,
        "reportFilename": "mochawesome",
        "saveHtml": true,
        "saveJson": true,
        "consoleReporter": "spec",
        "useInlineDiffs": false,
        "code": true
      },
      "version": "7.1.3"
    },
    "marge": {
      "options": {
        "charts": true,
        "reportPageTitle": "custom-title",
        "embeddedScreenshots": true,
        "inlineAssets": true,
        "saveAllAttempts": false,
        "overwrite": false,
        "json": true,
        "html": true
      },
      "version": "6.2.0"
    }
  }
}