{
  "stats": {
    "suites": 0,
    "tests": 2,
    "passes": 2,
    "pending": 0,
    "failures": 0,
    "start": "2023-04-15T19:02:38.499Z",
    "end": "2023-04-15T19:02:38.802Z",
    "duration": 303,
    "testsRegistered": 2,
    "passPercent": 100,
    "pendingPercent": 0,
    "other": 0,
    "hasOther": false,
    "skipped": 0,
    "hasSkipped": false
  },
  "results": [
    {
      "uuid": "91ed5f3f-3110-48df-ac9f-d0e52f7e53df",
      "title": "",
      "fullFile": "cypress/e2e/ReadWriteFiles/readWritefiles.cy.js",
      "file": "cypress/e2e/ReadWriteFiles/readWritefiles.cy.js",
      "beforeHooks": [],
      "afterHooks": [],
      "tests": [
        {
          "title": "Read Files with the help of fixture funtion",
          "fullTitle": "Read Files with the help of fixture funtion",
          "timedOut": null,
          "duration": 152,
          "state": "passed",
          "speed": "fast",
          "pass": true,
          "fail": false,
          "pending": false,
          "context": null,
          "code": "cy.fixture('example.json').then(data => {\n  cy.log(data.name);\n  cy.log(data.email);\n  cy.log(data.body);\n});",
          "err": {},
          "uuid": "a4ca3ac3-45da-41a4-a42f-7c21f1534fe7",
          "parentUUID": "91ed5f3f-3110-48df-ac9f-d0e52f7e53df",
          "isHook": false,
          "skipped": false
        },
        {
          "title": "Write data to file",
          "fullTitle": "Write data to file",
          "timedOut": null,
          "duration": 93,
          "state": "passed",
          "speed": "fast",
          "pass": true,
          "fail": false,
          "pending": false,
          "context": null,
          "code": "cy.writeFile('./cypress/files/writeData.txt', 'Hello My name is Davinder Sharma\\n', {\n  flag: 'a+'\n});\ncy.writeFile('./cypress/files/writeData.txt', 'Hello My name is Davinder Sharma\\n', {\n  flag: 'a+'\n});\ncy.writeFile('./cypress/files/writeData.txt', 'Hello My name is Davinder Sharma\\n', {\n  flag: 'a+'\n});",
          "err": {},
          "uuid": "660b59cf-9a48-49da-94c1-e3c7d485fa95",
          "parentUUID": "91ed5f3f-3110-48df-ac9f-d0e52f7e53df",
          "isHook": false,
          "skipped": false
        }
      ],
      "suites": [],
      "passes": [
        "a4ca3ac3-45da-41a4-a42f-7c21f1534fe7",
        "660b59cf-9a48-49da-94c1-e3c7d485fa95"
      ],
      "failures": [],
      "pending": [],
      "skipped": [],
      "duration": 245,
      "root": true,
      "rootEmpty": false,
      "_timeout": 2000
    }
  ],
  "meta": {
    "mocha": {
      "version": "7.0.1"
    },
    "mochawesome": {
      "options": {
        "quiet": false,
        "reportFilename": "mochawesome",
        "saveHtml": true,
        "saveJson": true,
        "consoleReporter": "spec",
        "useInlineDiffs": false,
        "code": true
      },
      "version": "7.1.3"
    },
    "marge": {
      "options": {
        "charts": true,
        "reportPageTitle": "custom-title",
        "embeddedScreenshots": true,
        "inlineAssets": true,
        "saveAllAttempts": false,
        "overwrite": false,
        "json": true,
        "html": true
      },
      "version": "6.2.0"
    }
  }
}