{
  "stats": {
    "suites": 0,
    "tests": 1,
    "passes": 1,
    "pending": 0,
    "failures": 0,
    "start": "2023-04-15T19:03:08.496Z",
    "end": "2023-04-15T19:03:25.490Z",
    "duration": 16994,
    "testsRegistered": 1,
    "passPercent": 100,
    "pendingPercent": 0,
    "other": 0,
    "hasOther": false,
    "skipped": 0,
    "hasSkipped": false
  },
  "results": [
    {
      "uuid": "369b6785-858f-484e-bbbd-9a19694bbf13",
      "title": "",
      "fullFile": "cypress/e2e/Sample/Google_Open_And_Search_Sachin.cy.js",
      "file": "cypress/e2e/Sample/Google_Open_And_Search_Sachin.cy.js",
      "beforeHooks": [],
      "afterHooks": [],
      "tests": [
        {
          "title": "Google Search",
          "fullTitle": "Google Search",
          "timedOut": null,
          "duration": 13966,
          "state": "passed",
          "speed": "slow",
          "pass": true,
          "fail": false,
          "pending": false,
          "context": null,
          "code": "cy.visit('https://www.google.com');\ncy.get('#APjFqb').type('Sachin');\ncy.get('.aajZCb > .lJ9FBc > center > .gNO89b').click();\ncy.get('.Maj6Tc > .REySof').should('be.visible');\n// Assertions Below \ncy.contains('Overview').should('contain', 'Overview');\ncy.contains('Sachin Tendulkar').should('contain', 'Sachin Tendulkar');",
          "err": {},
          "uuid": "cf652587-e1a7-45e1-bb38-82c9e8c70db1",
          "parentUUID": "369b6785-858f-484e-bbbd-9a19694bbf13",
          "isHook": false,
          "skipped": false
        }
      ],
      "suites": [],
      "passes": [
        "cf652587-e1a7-45e1-bb38-82c9e8c70db1"
      ],
      "failures": [],
      "pending": [],
      "skipped": [],
      "duration": 13966,
      "root": true,
      "rootEmpty": false,
      "_timeout": 2000
    }
  ],
  "meta": {
    "mocha": {
      "version": "7.0.1"
    },
    "mochawesome": {
      "options": {
        "quiet": false,
        "reportFilename": "mochawesome",
        "saveHtml": true,
        "saveJson": true,
        "consoleReporter": "spec",
        "useInlineDiffs": false,
        "code": true
      },
      "version": "7.1.3"
    },
    "marge": {
      "options": {
        "charts": true,
        "reportPageTitle": "custom-title",
        "embeddedScreenshots": true,
        "inlineAssets": true,
        "saveAllAttempts": false,
        "overwrite": false,
        "json": true,
        "html": true
      },
      "version": "6.2.0"
    }
  }
}