{
  "stats": {
    "suites": 0,
    "tests": 1,
    "passes": 1,
    "pending": 0,
    "failures": 0,
    "start": "2023-04-15T19:03:03.858Z",
    "end": "2023-04-15T19:03:04.542Z",
    "duration": 684,
    "testsRegistered": 1,
    "passPercent": 100,
    "pendingPercent": 0,
    "other": 0,
    "hasOther": false,
    "skipped": 0,
    "hasSkipped": false
  },
  "results": [
    {
      "uuid": "3f5ec2da-1b08-49e9-a58a-8f32ab845ebc",
      "title": "",
      "fullFile": "cypress/e2e/Sample/FileUploadAndDownload.cy.js",
      "file": "cypress/e2e/Sample/FileUploadAndDownload.cy.js",
      "beforeHooks": [],
      "afterHooks": [],
      "tests": [
        {
          "title": "Download a file",
          "fullTitle": "Download a file",
          "timedOut": null,
          "duration": 645,
          "state": "passed",
          "speed": "fast",
          "pass": true,
          "fail": false,
          "pending": false,
          "context": null,
          "code": "cy.downloadFile('https://upload.wikimedia.org/wikipedia/en/a/a9/Example.jpg', 'mydownloads', 'example.jpg');",
          "err": {},
          "uuid": "039c1699-a397-46b2-ae5f-aab2b4a36166",
          "parentUUID": "3f5ec2da-1b08-49e9-a58a-8f32ab845ebc",
          "isHook": false,
          "skipped": false
        }
      ],
      "suites": [],
      "passes": [
        "039c1699-a397-46b2-ae5f-aab2b4a36166"
      ],
      "failures": [],
      "pending": [],
      "skipped": [],
      "duration": 645,
      "root": true,
      "rootEmpty": false,
      "_timeout": 2000
    }
  ],
  "meta": {
    "mocha": {
      "version": "7.0.1"
    },
    "mochawesome": {
      "options": {
        "quiet": false,
        "reportFilename": "mochawesome",
        "saveHtml": true,
        "saveJson": true,
        "consoleReporter": "spec",
        "useInlineDiffs": false,
        "code": true
      },
      "version": "7.1.3"
    },
    "marge": {
      "options": {
        "charts": true,
        "reportPageTitle": "custom-title",
        "embeddedScreenshots": true,
        "inlineAssets": true,
        "saveAllAttempts": false,
        "overwrite": false,
        "json": true,
        "html": true
      },
      "version": "6.2.0"
    }
  }
}